
> archipelago-json@1.0.0 test
> node scripts/test/run-tests.js

[WebServer] 127.0.0.1 - - [13/Nov/2025 04:55:49] "GET / HTTP/1.1" 200 -

Running 1 test using 1 worker

PW DEBUG: Navigating to application with parameters:
  - mode: test-spoilers
  - game: overcooked2
  - seed: 1
PW DEBUG: URL: http://localhost:8000/frontend/?mode=test-spoilers&game=overcooked2&seed=1
[WebServer] 127.0.0.1 - - [13/Nov/2025 04:55:52] "GET /frontend/?mode=test-spoilers&game=overcooked2&seed=1 HTTP/1.1" 200 -
[WebServer] 127.0.0.1 - - [13/Nov/2025 04:55:52] "GET /frontend/styles/index.css HTTP/1.1" 200 -
[WebServer] 127.0.0.1 - - [13/Nov/2025 04:55:52] "GET /frontend/styles/loading-screen.css HTTP/1.1" 200 -
[WebServer] 127.0.0.1 - - [13/Nov/2025 04:55:52] "GET /frontend/styles/mobile.css HTTP/1.1" 200 -
[WebServer] 127.0.0.1 - - [13/Nov/2025 04:55:52] "GET /frontend/libs/golden-layout/css/goldenlayout-base.css HTTP/1.1" 200 -
[WebServer] 127.0.0.1 - - [13/Nov/2025 04:55:52] "GET /frontend/libs/golden-layout/css/themes/goldenlayout-dark-theme.css HTTP/1.1" 200 -
[WebServer] 127.0.0.1 - - [13/Nov/2025 04:55:52] "GET /frontend/libs/json-editor/jsoneditor.js HTTP/1.1" 200 -
[WebServer] 127.0.0.1 - - [13/Nov/2025 04:55:52] "GET /frontend/libs/vanilla-jsoneditor/themes/jse-theme-dark.css HTTP/1.1" 200 -
[WebServer] 127.0.0.1 - - [13/Nov/2025 04:55:52] "GET /frontend/init.js HTTP/1.1" 200 -
[WebServer] 127.0.0.1 - - [13/Nov/2025 04:55:52] "GET /frontend/app/core/loggerService.js HTTP/1.1" 200 -
[WebServer] 127.0.0.1 - - [13/Nov/2025 04:55:52] "GET /frontend/app/core/panelManager.js HTTP/1.1" 200 -
[WebServer] 127.0.0.1 - - [13/Nov/2025 04:55:52] "GET /frontend/app/core/eventBus.js HTTP/1.1" 200 -
[WebServer] 127.0.0.1 - - [13/Nov/2025 04:55:52] "GET /frontend/app/core/settingsManager.js HTTP/1.1" 200 -
[WebServer] 127.0.0.1 - - [13/Nov/2025 04:55:52] "GET /frontend/app/core/centralRegistry.js HTTP/1.1" 200 -
[WebServer] 127.0.0.1 - - [13/Nov/2025 04:55:52] "GET /frontend/app/core/eventDispatcher.js HTTP/1.1" 200 -
[WebServer] 127.0.0.1 - - [13/Nov/2025 04:55:52] "GET /frontend/libs/golden-layout/js/esm/golden-layout.js HTTP/1.1" 200 -
[WebServer] 127.0.0.1 - - [13/Nov/2025 04:55:52] "GET /frontend/app/core/mobileLayoutManager.js HTTP/1.1" 200 -
[WebServer] 127.0.0.1 - - [13/Nov/2025 04:55:52] "GET /frontend/app/initialization/index.js HTTP/1.1" 200 -
[WebServer] 127.0.0.1 - - [13/Nov/2025 04:55:52] "GET /frontend/app/initialization/fileLoadingUI.js HTTP/1.1" 200 -
[WebServer] 127.0.0.1 - - [13/Nov/2025 04:55:52] "GET /frontend/app/mode/modeManager.js HTTP/1.1" 200 -
[WebServer] 127.0.0.1 - - [13/Nov/2025 04:55:52] "GET /frontend/app/mode/modeConfigResolver.js HTTP/1.1" 200 -
[WebServer] 127.0.0.1 - - [13/Nov/2025 04:55:52] "GET /frontend/app/mode/modeDataLoader.js HTTP/1.1" 200 -
[WebServer] 127.0.0.1 - - [13/Nov/2025 04:55:52] "GET /frontend/app/initialization/moduleLoader.js HTTP/1.1" 200 -
[WebServer] 127.0.0.1 - - [13/Nov/2025 04:55:52] "GET /frontend/app/initialization/moduleInitializer.js HTTP/1.1" 200 -
[WebServer] 127.0.0.1 - - [13/Nov/2025 04:55:52] "GET /frontend/app/initialization/layoutManager.js HTTP/1.1" 200 -
[WebServer] 127.0.0.1 - - [13/Nov/2025 04:55:52] "GET /frontend/app/initialization/apiFactory.js HTTP/1.1" 200 -
[WebServer] 127.0.0.1 - - [13/Nov/2025 04:55:52] "GET /frontend/app/layout/layoutFilter.js HTTP/1.1" 200 -
[WebServer] 127.0.0.1 - - [13/Nov/2025 04:55:52] "GET /frontend/app/layout/layoutLoader.js HTTP/1.1" 200 -
[WebServer] 127.0.0.1 - - [13/Nov/2025 04:55:52] "GET /frontend/utils/settingsMerger.js HTTP/1.1" 200 -
[WebServer] 127.0.0.1 - - [13/Nov/2025 04:55:52] "GET /frontend/app/layout/desktopLayout.js HTTP/1.1" 200 -
[WebServer] 127.0.0.1 - - [13/Nov/2025 04:55:52] "GET /frontend/app/core/moduleMetadata.js HTTP/1.1" 200 -
[WebServer] 127.0.0.1 - - [13/Nov/2025 04:55:52] "GET /frontend/modes.json HTTP/1.1" 200 -
BROWSER LOG (info): [Init - INFO] [Init] loadCombinedModeData started
[WebServer] 127.0.0.1 - - [13/Nov/2025 04:55:52] "GET /frontend/presets/preset_files.json HTTP/1.1" 200 -
[WebServer] 127.0.0.1 - - [13/Nov/2025 04:55:52] "GET /frontend/modules-test-spoilers.json HTTP/1.1" 200 -
[WebServer] 127.0.0.1 - - [13/Nov/2025 04:55:52] "GET /frontend/playwright_tests_config-spoilers.json HTTP/1.1" 200 -
[WebServer] 127.0.0.1 - - [13/Nov/2025 04:55:52] "GET /frontend/presets/overcooked2/AP_14089154938208861744/AP_14089154938208861744_rules.json HTTP/1.1" 200 -
[WebServer] 127.0.0.1 - - [13/Nov/2025 04:55:52] "GET /frontend/layout_presets.json HTTP/1.1" 200 -
[WebServer] 127.0.0.1 - - [13/Nov/2025 04:55:52] "GET /frontend/settings.json HTTP/1.1" 200 -
BROWSER LOG (info): [Init - INFO] [Init] Created stateManager module_config with sourceName: ./presets/overcooked2/AP_14089154938208861744/AP_14089154938208861744_rules.json (source: urlOverride)
BROWSER LOG (info): [04:55:52.324] [INFO] [INIT_STEP] Module import and registration phase started
[WebServer] 127.0.0.1 - - [13/Nov/2025 04:55:52] "GET /frontend/modules/stateManager/index.js HTTP/1.1" 200 -
[WebServer] 127.0.0.1 - - [13/Nov/2025 04:55:52] "GET /frontend/modules/stateManager/stateManagerProxySingleton.js HTTP/1.1" 200 -
[WebServer] 127.0.0.1 - - [13/Nov/2025 04:55:52] "GET /frontend/modules/stateManager/stateManagerProxy.js HTTP/1.1" 200 -
[WebServer] 127.0.0.1 - - [13/Nov/2025 04:55:52] "GET /frontend/modules/shared/ruleEngine.js HTTP/1.1" 200 -
[WebServer] 127.0.0.1 - - [13/Nov/2025 04:55:52] "GET /frontend/modules/stateManager/stateManagerCommands.js HTTP/1.1" 200 -
[WebServer] 127.0.0.1 - - [13/Nov/2025 04:55:52] "GET /frontend/modules/shared/gameLogic/alttp/alttpLogic.js HTTP/1.1" 200 -
[WebServer] 127.0.0.1 - - [13/Nov/2025 04:55:52] "GET /frontend/modules/shared/gameLogic/generic/genericLogic.js HTTP/1.1" 200 -
[WebServer] 127.0.0.1 - - [13/Nov/2025 04:55:52] "GET /frontend/modules/stateManager/stateManagerWorker.js HTTP/1.1" 200 -
[WebServer] 127.0.0.1 - - [13/Nov/2025 04:55:52] "GET /frontend/modules/sphereState/index.js HTTP/1.1" 200 -
[WebServer] 127.0.0.1 - - [13/Nov/2025 04:55:52] "GET /frontend/modules/sphereState/singleton.js HTTP/1.1" 200 -
[WebServer] 127.0.0.1 - - [13/Nov/2025 04:55:52] "GET /frontend/modules/sphereState/sphereState.js HTTP/1.1" 200 -
[WebServer] 127.0.0.1 - - [13/Nov/2025 04:55:52] "GET /frontend/modules/stateManager/stateManager.js HTTP/1.1" 200 -
[WebServer] 127.0.0.1 - - [13/Nov/2025 04:55:52] "GET /frontend/app/core/universalLogger.js HTTP/1.1" 200 -
[WebServer] 127.0.0.1 - - [13/Nov/2025 04:55:52] "GET /frontend/modules/stateManager/core/commandQueue.js HTTP/1.1" 200 -
[WebServer] 127.0.0.1 - - [13/Nov/2025 04:55:52] "GET /frontend/modules/testSpoilers/index.js HTTP/1.1" 200 -
[WebServer] 127.0.0.1 - - [13/Nov/2025 04:55:52] "GET /frontend/modules/shared/gameLogic/gameLogicRegistry.js HTTP/1.1" 200 -
[WebServer] 127.0.0.1 - - [13/Nov/2025 04:55:52] "GET /frontend/modules/shared/stateInterface.js HTTP/1.1" 200 -
[WebServer] 127.0.0.1 - - [13/Nov/2025 04:55:52] "GET /frontend/modules/stateManager/core/initialization.js HTTP/1.1" 200 -
[WebServer] 127.0.0.1 - - [13/Nov/2025 04:55:52] "GET /frontend/modules/stateManager/core/reachabilityEngine.js HTTP/1.1" 200 -
[WebServer] 127.0.0.1 - - [13/Nov/2025 04:55:52] "GET /frontend/modules/stateManager/core/inventoryManager.js HTTP/1.1" 200 -
[WebServer] 127.0.0.1 - - [13/Nov/2025 04:55:52] "GET /frontend/modules/stateManager/core/statePersistence.js HTTP/1.1" 200 -
[WebServer] 127.0.0.1 - - [13/Nov/2025 04:55:52] "GET /frontend/modules/stateManager/core/locationChecking.js HTTP/1.1" 200 -
[WebServer] 127.0.0.1 - - [13/Nov/2025 04:55:52] "GET /frontend/modules/stateManager/core/batchUpdateManager.js HTTP/1.1" 200 -
[WebServer] 127.0.0.1 - - [13/Nov/2025 04:55:52] "GET /frontend/modules/stateManager/core/ruleEvaluator.js HTTP/1.1" 200 -
[WebServer] 127.0.0.1 - - [13/Nov/2025 04:55:52] "GET /frontend/modules/testSpoilers/testSpoilerUI.js HTTP/1.1" 200 -
[WebServer] 127.0.0.1 - - [13/Nov/2025 04:55:52] "GET /frontend/modules/shared/gameLogic/ahit/ahitLogic.js HTTP/1.1" 200 -
[WebServer] 127.0.0.1 - - [13/Nov/2025 04:55:52] "GET /frontend/modules/shared/gameLogic/aquaria/aquariaLogic.js HTTP/1.1" 200 -
[WebServer] 127.0.0.1 - - [13/Nov/2025 04:55:52] "GET /frontend/modules/shared/gameLogic/archipidle/archipidleLogic.js HTTP/1.1" 200 -
[WebServer] 127.0.0.1 - - [13/Nov/2025 04:55:52] "GET /frontend/modules/shared/gameLogic/blasphemous/blasphemousLogic.js HTTP/1.1" 200 -
[WebServer] 127.0.0.1 - - [13/Nov/2025 04:55:52] "GET /frontend/modules/shared/gameLogic/bomb_rush_cyberfunk/bombRushCyberfunkLogic.js HTTP/1.1" 200 -
[WebServer] 127.0.0.1 - - [13/Nov/2025 04:55:52] "GET /frontend/modules/shared/gameLogic/celeste64/celeste64Logic.js HTTP/1.1" 200 -
[WebServer] 127.0.0.1 - - [13/Nov/2025 04:55:52] "GET /frontend/modules/shared/gameLogic/civ_6/civ6Logic.js HTTP/1.1" 200 -
[WebServer] 127.0.0.1 - - [13/Nov/2025 04:55:52] "GET /frontend/modules/shared/gameLogic/cvcotm/cvcotmLogic.js HTTP/1.1" 200 -
[WebServer] 127.0.0.1 - - [13/Nov/2025 04:55:52] "GET /frontend/modules/shared/gameLogic/dlcquest/dlcquestLogic.js HTTP/1.1" 200 -
[WebServer] 127.0.0.1 - - [13/Nov/2025 04:55:52] "GET /frontend/modules/shared/gameLogic/hk/hkLogic.js HTTP/1.1" 200 -
[WebServer] 127.0.0.1 - - [13/Nov/2025 04:55:52] "GET /frontend/modules/shared/gameLogic/hylics_2/hylics2Logic.js HTTP/1.1" 200 -
[WebServer] 127.0.0.1 - - [13/Nov/2025 04:55:52] "GET /frontend/modules/shared/gameLogic/inscryption/inscryptionLogic.js HTTP/1.1" 200 -
[WebServer] 127.0.0.1 - - [13/Nov/2025 04:55:52] "GET /frontend/modules/shared/gameLogic/jak_and_daxter__the_precursor_legacy/jak_and_daxter__the_precursor_legacyLogic.js HTTP/1.1" 200 -
[WebServer] 127.0.0.1 - - [13/Nov/2025 04:55:52] "GET /frontend/modules/shared/gameLogic/kh1/kh1Logic.js HTTP/1.1" 200 -
[WebServer] 127.0.0.1 - - [13/Nov/2025 04:55:52] "GET /frontend/modules/shared/gameLogic/kh2/kh2Logic.js HTTP/1.1" 200 -
[WebServer] 127.0.0.1 - - [13/Nov/2025 04:55:52] "GET /frontend/modules/shared/gameLogic/kdl3/kdl3Logic.js HTTP/1.1" 200 -
[WebServer] 127.0.0.1 - - [13/Nov/2025 04:55:52] "GET /frontend/modules/shared/gameLogic/ladx/ladxLogic.js HTTP/1.1" 200 -
[WebServer] 127.0.0.1 - - [13/Nov/2025 04:55:52] "GET /frontend/modules/shared/gameLogic/landstalker/landstalkerLogic.js HTTP/1.1" 200 -
[WebServer] 127.0.0.1 - - [13/Nov/2025 04:55:52] "GET /frontend/modules/shared/gameLogic/lingo/lingoLogic.js HTTP/1.1" 200 -
[WebServer] 127.0.0.1 - - [13/Nov/2025 04:55:52] "GET /frontend/modules/shared/gameLogic/mlss/mlssLogic.js HTTP/1.1" 200 -
[WebServer] 127.0.0.1 - - [13/Nov/2025 04:55:52] "GET /frontend/modules/shared/gameLogic/mmbn3/mmbn3Logic.js HTTP/1.1" 200 -
[WebServer] 127.0.0.1 - - [13/Nov/2025 04:55:52] "GET /frontend/modules/shared/gameLogic/pokemon_rb/pokemon_rbLogic.js HTTP/1.1" 200 -
[WebServer] 127.0.0.1 - - [13/Nov/2025 04:55:52] "GET /frontend/modules/shared/gameLogic/mm2/mm2Logic.js HTTP/1.1" 200 -
[WebServer] 127.0.0.1 - - [13/Nov/2025 04:55:52] "GET /frontend/modules/shared/gameLogic/oot/ootLogic.js HTTP/1.1" 200 -
[WebServer] 127.0.0.1 - - [13/Nov/2025 04:55:52] "GET /frontend/modules/shared/gameLogic/sm64ex/sm64exLogic.js HTTP/1.1" 200 -
[WebServer] 127.0.0.1 - - [13/Nov/2025 04:55:52] "GET /frontend/modules/shared/gameLogic/v6/v6Logic.js HTTP/1.1" 200 -
[WebServer] 127.0.0.1 - - [13/Nov/2025 04:55:52] "GET /frontend/modules/shared/gameLogic/yachtdice/yachtdiceLogic.js HTTP/1.1" 200 -
[WebServer] 127.0.0.1 - - [13/Nov/2025 04:55:52] "GET /frontend/modules/commonUI/index.js HTTP/1.1" 200 -
[WebServer] 127.0.0.1 - - [13/Nov/2025 04:55:52] "GET /frontend/modules/testSpoilers/testSpoilerRuleEvaluator.js HTTP/1.1" 200 -
[WebServer] 127.0.0.1 - - [13/Nov/2025 04:55:52] "GET /frontend/modules/testSpoilers/fileLoader.js HTTP/1.1" 200 -
[WebServer] 127.0.0.1 - - [13/Nov/2025 04:55:52] "GET /frontend/modules/testSpoilers/comparisonEngine.js HTTP/1.1" 200 -
[WebServer] 127.0.0.1 - - [13/Nov/2025 04:55:52] "GET /frontend/modules/testSpoilers/analysisReporter.js HTTP/1.1" 200 -
[WebServer] 127.0.0.1 - - [13/Nov/2025 04:55:52] "GET /frontend/modules/testSpoilers/eventProcessor.js HTTP/1.1" 200 -
[WebServer] 127.0.0.1 - - [13/Nov/2025 04:55:52] "GET /frontend/modules/testSpoilers/testOrchestrator.js HTTP/1.1" 200 -
[WebServer] 127.0.0.1 - - [13/Nov/2025 04:55:52] "GET /frontend/modules/shared/gameLogic/ladx/helpers.js HTTP/1.1" 200 -
[WebServer] 127.0.0.1 - - [13/Nov/2025 04:55:52] "GET /frontend/modules/shared/gameLogic/mmbn3/helpers.js HTTP/1.1" 200 -
[WebServer] 127.0.0.1 - - [13/Nov/2025 04:55:52] "GET /frontend/modules/shared/gameLogic/sm64ex/helpers.js HTTP/1.1" 200 -
[WebServer] 127.0.0.1 - - [13/Nov/2025 04:55:52] "GET /frontend/modules/shared/gameLogic/yachtdice/helpers.js HTTP/1.1" 200 -
[WebServer] 127.0.0.1 - - [13/Nov/2025 04:55:52] "GET /frontend/modules/commonUI/commonUI.js HTTP/1.1" 200 -
[WebServer] 127.0.0.1 - - [13/Nov/2025 04:55:52] "GET /frontend/modules/shared/gameLogic/yachtdice/yacht_weights.json HTTP/1.1" 200 -
BROWSER LOG (log): [universalLogger] Worker logger initialized
[WebServer] 127.0.0.1 - - [13/Nov/2025 04:55:52] "GET /frontend/modules/tests/index.js HTTP/1.1" 200 -
BROWSER LOG (log): [YachtDice] yacht_weights data loaded successfully
BROWSER LOG (log): [YachtDice] yacht_weights data loaded successfully
[WebServer] 127.0.0.1 - - [13/Nov/2025 04:55:52] "GET /frontend/modules/tests/testUI.js HTTP/1.1" 200 -
[WebServer] 127.0.0.1 - - [13/Nov/2025 04:55:52] "GET /frontend/modules/tests/testLogic.js HTTP/1.1" 200 -
[WebServer] 127.0.0.1 - - [13/Nov/2025 04:55:52] "GET /frontend/modules/tests/testState.js HTTP/1.1" 200 -
[WebServer] 127.0.0.1 - - [13/Nov/2025 04:55:52] "GET /frontend/modules/tests/testDiscovery.js HTTP/1.1" 200 -
[WebServer] 127.0.0.1 - - [13/Nov/2025 04:55:52] "GET /frontend/modules/tests/testController.js HTTP/1.1" 200 -
[WebServer] 127.0.0.1 - - [13/Nov/2025 04:55:52] "GET /frontend/modules/tests/testRegistry.js HTTP/1.1" 200 -
BROWSER LOG (info): [04:55:52.645] [INFO] [INIT_STEP] Module import and registration phase completed
BROWSER LOG (info): [04:55:52.647] [INFO] [INIT_STEP] Golden Layout initialization started
[WebServer] 127.0.0.1 - - [13/Nov/2025 04:55:52] "GET /frontend/modules/tests/testCases/coreTests.js HTTP/1.1" 200 -
[WebServer] 127.0.0.1 - - [13/Nov/2025 04:55:52] "GET /frontend/libs/golden-layout/img/lm_close_white.png HTTP/1.1" 200 -
[WebServer] 127.0.0.1 - - [13/Nov/2025 04:55:52] "GET /frontend/libs/golden-layout/img/lm_maximise_white.png HTTP/1.1" 200 -
BROWSER LOG (info): [04:55:52.666] [INFO] [INIT_STEP] Golden Layout initialization completed
BROWSER LOG (info): [04:55:52.666] [INFO] [INIT_STEP] Module initialization phase started (4 modules)
BROWSER LOG (info): [04:55:52.667] [INFO] [INIT_STEP] Module initialization phase completed (4 modules)
BROWSER LOG (info): [04:55:52.667] [INFO] [INIT_STEP] Module post-initialization phase started (1 modules)
BROWSER LOG (debug): [Init - DEBUG] [Init _postInitializeSingleModule] Original genericModuleSpecificConfig FOR stateManager: {rulesConfig: Object, sourceName: ./presets/overcooked2/AP_14089154938208861744/AP_14089154938208861744_rules.json}
BROWSER LOG (info): [Init - INFO] [Init _postInitializeSingleModule] Derived sourceName for StateManager: ./presets/overcooked2/AP_14089154938208861744/AP_14089154938208861744_rules.json (source: urlOverride)
BROWSER LOG (info): [Init - INFO] [Init _postInitializeSingleModule] EXACT configForPostInitialize BEING PASSED to stateManager.postInitialize: {rulesConfig: Object, sourceName: ./presets/overcooked2/AP_14089154938208861744/AP_14089154938208861744_rules.json}
BROWSER LOG (info): [04:55:52.678] [INFO] [INIT_STEP] Module post-initialization phase completed (1 modules)
BROWSER LOG (debug): [stateManagerProxy] Snapshot cached from rulesLoadedConfirmation.
[WebServer] 127.0.0.1 - - [13/Nov/2025 04:55:52] "GET /frontend/presets/overcooked2/AP_14089154938208861744/AP_14089154938208861744_spheres_log.jsonl HTTP/1.1" 200 -
[WebServer] 127.0.0.1 - - [13/Nov/2025 04:55:52] "GET /frontend/modules/tests/testCases/locationPanelTests.js HTTP/1.1" 200 -
[WebServer] 127.0.0.1 - - [13/Nov/2025 04:55:52] "GET /frontend/modules/tests/testCases/exitPanelTests.js HTTP/1.1" 200 -
[WebServer] 127.0.0.1 - - [13/Nov/2025 04:55:52] "GET /frontend/modules/tests/testCases/regionPanelTests.js HTTP/1.1" 200 -
[WebServer] 127.0.0.1 - - [13/Nov/2025 04:55:52] "GET /frontend/modules/tests/testCases/regionGraphPanelTests.js HTTP/1.1" 200 -
[WebServer] 127.0.0.1 - - [13/Nov/2025 04:55:52] "GET /frontend/modules/tests/testCases/loopsPanelTests.js HTTP/1.1" 200 -
[WebServer] 127.0.0.1 - - [13/Nov/2025 04:55:52] "GET /frontend/modules/tests/testCases/eventsPanelTests.js HTTP/1.1" 200 -
[WebServer] 127.0.0.1 - - [13/Nov/2025 04:55:52] "GET /frontend/modules/tests/testCases/pathAnalyzerTests.js HTTP/1.1" 200 -
[WebServer] 127.0.0.1 - - [13/Nov/2025 04:55:52] "GET /frontend/modules/tests/testCases/settingsPanelTests.js HTTP/1.1" 200 -
[WebServer] 127.0.0.1 - - [13/Nov/2025 04:55:52] "GET /frontend/modules/tests/testCases/JSONPanelTests.js HTTP/1.1" 200 -
[WebServer] 127.0.0.1 - - [13/Nov/2025 04:55:52] "GET /frontend/modules/tests/testCases/progressBarTests.js HTTP/1.1" 200 -
[WebServer] 127.0.0.1 - - [13/Nov/2025 04:55:52] "GET /frontend/modules/tests/testCases/metaGamePanelTests.js HTTP/1.1" 200 -
[WebServer] 127.0.0.1 - - [13/Nov/2025 04:55:52] "GET /frontend/modules/tests/testCases/textAdventurePanelTests.js HTTP/1.1" 200 -
[WebServer] 127.0.0.1 - - [13/Nov/2025 04:55:52] "GET /frontend/modules/tests/testCases/textAdventure-iframeTests.js HTTP/1.1" 200 -
[WebServer] 127.0.0.1 - - [13/Nov/2025 04:55:52] "GET /frontend/modules/tests/testCases/textAdventure-windowTests.js HTTP/1.1" 200 -
[WebServer] 127.0.0.1 - - [13/Nov/2025 04:55:52] "GET /frontend/modules/tests/testCases/iframe-baseTests.js HTTP/1.1" 200 -
[WebServer] 127.0.0.1 - - [13/Nov/2025 04:55:52] "GET /frontend/modules/tests/testCases/window-baseTests.js HTTP/1.1" 200 -
[WebServer] 127.0.0.1 - - [13/Nov/2025 04:55:52] "GET /frontend/modules/tests/testCases/timerTests.js HTTP/1.1" 200 -
[WebServer] 127.0.0.1 - - [13/Nov/2025 04:55:52] "GET /frontend/modules/tests/testCases/multiplayerTests.js HTTP/1.1" 200 -
[WebServer] 127.0.0.1 - - [13/Nov/2025 04:55:52] "GET /frontend/modules/tests/testCases/testSpoilersPanelTests.js HTTP/1.1" 200 -
PW DEBUG: Page navigation complete (network idle).
PW DEBUG: Starting to wait for __playwrightTestsComplete__ flag on window...
BROWSER LOG (error): [04:55:54.457] [ERROR] [testSpoilerUI] STATE MISMATCH found for: {"type":"state_update","sphere_number":0,"player_id":"1"}
BROWSER LOG (error): [04:55:54.459] [ERROR] [testSpoilerUI:ComparisonEngine] STATE MISMATCH found for: {"type":"state_update","sphere_number":0,"player_id":"1"}
BROWSER LOG (error): [04:55:54.462] [ERROR] [testSpoilerUI]  > Locations accessible in LOG but NOT in STATE (or checked): 1-1 (1-Star), 1-1 Completed, 1-1 Level Completed, 2-1 (1-Star), 2-1 Completed, 2-1 Level Completed, 4-1 (1-Star), 4-1 Completed, 4-1 Level Completed
BROWSER LOG (error): [04:55:54.462] [ERROR] [testSpoilerUI:ComparisonEngine]  > Locations accessible in LOG but NOT in STATE (or checked): 1-1 (1-Star), 1-1 Completed, 1-1 Level Completed, 2-1 (1-Star), 2-1 Completed, 2-1 Level Completed, 4-1 (1-Star), 4-1 Completed, 4-1 Level Completed
BROWSER LOG (error): [MISMATCH DETAIL] Missing from state (9): [1-1 (1-Star), 1-1 Completed, 1-1 Level Completed, 2-1 (1-Star), 2-1 Completed, 2-1 Level Completed, 4-1 (1-Star), 4-1 Completed, 4-1 Level Completed]
BROWSER LOG (error): [04:55:54.467] [ERROR] [testSpoilerUI]         Helper function "has_requirements_for_level_star" NOT FOUND in snapshotInterface
BROWSER LOG (error): [04:55:54.469] [ERROR] [testSpoilerUI]     ISSUE: Access rule evaluation failed
BROWSER LOG (error): [04:55:54.471] [ERROR] [testSpoilerUI]         Helper function "has_requirements_for_level_star" NOT FOUND in snapshotInterface
BROWSER LOG (error): [04:55:54.472] [ERROR] [testSpoilerUI]     ISSUE: Access rule evaluation failed
BROWSER LOG (error): [04:55:54.475] [ERROR] [testSpoilerUI]         Helper function "has_requirements_for_level_star" NOT FOUND in snapshotInterface
BROWSER LOG (error): [04:55:54.477] [ERROR] [testSpoilerUI]     ISSUE: Access rule evaluation failed
BROWSER LOG (error): [04:55:54.480] [ERROR] [testSpoilerUI]         Helper function "has_requirements_for_level_star" NOT FOUND in snapshotInterface
BROWSER LOG (error): [04:55:54.481] [ERROR] [testSpoilerUI]     ISSUE: Access rule evaluation failed
BROWSER LOG (error): [04:55:54.485] [ERROR] [testSpoilerUI]         Helper function "has_requirements_for_level_star" NOT FOUND in snapshotInterface
BROWSER LOG (error): [04:55:54.487] [ERROR] [testSpoilerUI]     ISSUE: Access rule evaluation failed
BROWSER LOG (error): [04:55:54.491] [ERROR] [testSpoilerUI]         Helper function "has_requirements_for_level_star" NOT FOUND in snapshotInterface
BROWSER LOG (error): [04:55:54.494] [ERROR] [testSpoilerUI]     ISSUE: Access rule evaluation failed
BROWSER LOG (error): [04:55:54.503] [ERROR] [testSpoilerUI]         Helper function "has_requirements_for_level_star" NOT FOUND in snapshotInterface
BROWSER LOG (error): [04:55:54.505] [ERROR] [testSpoilerUI]     ISSUE: Access rule evaluation failed
BROWSER LOG (error): [04:55:54.507] [ERROR] [testSpoilerUI]         Helper function "has_requirements_for_level_star" NOT FOUND in snapshotInterface
BROWSER LOG (error): [04:55:54.508] [ERROR] [testSpoilerUI]     ISSUE: Access rule evaluation failed
BROWSER LOG (error): [04:55:54.512] [ERROR] [testSpoilerUI]         Helper function "has_requirements_for_level_star" NOT FOUND in snapshotInterface
BROWSER LOG (error): [04:55:54.514] [ERROR] [testSpoilerUI]     ISSUE: Access rule evaluation failed
BROWSER LOG (error): [04:55:54.515] [ERROR] [testSpoilerUI] Test failed at step 1: Comparison failed for event type 'state_update'.
BROWSER LOG (error): [04:55:54.515] [ERROR] [testSpoilerUI] Mismatch for event 1 (Sphere 0): Comparison for state_update at step 1 Failed
BROWSER LOG (warning): [04:55:54.516] [WARN] [testSpoilerUI] Test run halted due to "Stop on first error" being enabled.
BROWSER LOG (error): [04:55:54.516] [ERROR] [testSpoilerUI] Spoiler test completed with 1 mismatch(es). See logs above for details.
BROWSER LOG (error): [04:55:55.529] [ERROR] [TestRunner/test_spoiler_full_run] [spoilers-full-run-1763009752914] Spoiler test failed. Mismatches found in log:
BROWSER LOG (error): [04:55:55.529] [ERROR] [TestRunner/test_spoiler_full_run]   - Mismatch for event 1 (Sphere 0): Comparison for state_update at step 1 Failed
BROWSER LOG (error): [04:55:55.530] [ERROR] [TestRunner/test_spoiler_full_run]   - [4:55:54 AM] STATE MISMATCH found for: {"type":"state_update","sphere_number":0,"player_id":"1"}
BROWSER LOG (error): [04:55:55.530] [ERROR] [TestRunner/test_spoiler_full_run]   - [4:55:54 AM] > Locations accessible in LOG but NOT in STATE (or checked): 1-1 (1-Star), 1-1 Completed, 1-1 Level Completed, 2-1 (1-Star), 2-1 Completed, 2-1 Level Completed, 4-1 (1-Star), 4-1 Completed, 4-1 Level Completed
BROWSER LOG (error): [04:55:55.530] [ERROR] [TestRunner/test_spoiler_full_run]   - [4:55:54 AM]         Helper function "has_requirements_for_level_star" NOT FOUND in snapshotInterface
BROWSER LOG (error): [04:55:55.530] [ERROR] [TestRunner/test_spoiler_full_run]   - [4:55:54 AM]     ISSUE: Access rule evaluation failed
BROWSER LOG (error): [04:55:55.530] [ERROR] [TestRunner/test_spoiler_full_run]   - [4:55:54 AM]         Helper function "has_requirements_for_level_star" NOT FOUND in snapshotInterface
BROWSER LOG (error): [04:55:55.530] [ERROR] [TestRunner/test_spoiler_full_run]   - [4:55:54 AM]     ISSUE: Access rule evaluation failed
BROWSER LOG (error): [04:55:55.530] [ERROR] [TestRunner/test_spoiler_full_run]   - [4:55:54 AM]         Helper function "has_requirements_for_level_star" NOT FOUND in snapshotInterface
BROWSER LOG (error): [04:55:55.531] [ERROR] [TestRunner/test_spoiler_full_run]   - [4:55:54 AM]     ISSUE: Access rule evaluation failed
BROWSER LOG (error): [04:55:55.531] [ERROR] [TestRunner/test_spoiler_full_run]   - [4:55:54 AM]         Helper function "has_requirements_for_level_star" NOT FOUND in snapshotInterface
BROWSER LOG (error): [04:55:55.531] [ERROR] [TestRunner/test_spoiler_full_run]   - [4:55:54 AM]     ISSUE: Access rule evaluation failed
BROWSER LOG (error): [04:55:55.531] [ERROR] [TestRunner/test_spoiler_full_run]   - [4:55:54 AM]         Helper function "has_requirements_for_level_star" NOT FOUND in snapshotInterface
BROWSER LOG (error): [04:55:55.531] [ERROR] [TestRunner/test_spoiler_full_run]   - [4:55:54 AM]     ISSUE: Access rule evaluation failed
BROWSER LOG (error): [04:55:55.531] [ERROR] [TestRunner/test_spoiler_full_run]   - [4:55:54 AM]         Helper function "has_requirements_for_level_star" NOT FOUND in snapshotInterface
BROWSER LOG (error): [04:55:55.531] [ERROR] [TestRunner/test_spoiler_full_run]   - [4:55:54 AM]     ISSUE: Access rule evaluation failed
BROWSER LOG (error): [04:55:55.532] [ERROR] [TestRunner/test_spoiler_full_run]   - [4:55:54 AM]         Helper function "has_requirements_for_level_star" NOT FOUND in snapshotInterface
BROWSER LOG (error): [04:55:55.532] [ERROR] [TestRunner/test_spoiler_full_run]   - [4:55:54 AM]     ISSUE: Access rule evaluation failed
BROWSER LOG (error): [04:55:55.532] [ERROR] [TestRunner/test_spoiler_full_run]   - [4:55:54 AM]         Helper function "has_requirements_for_level_star" NOT FOUND in snapshotInterface
BROWSER LOG (error): [04:55:55.532] [ERROR] [TestRunner/test_spoiler_full_run]   - [4:55:54 AM]     ISSUE: Access rule evaluation failed
BROWSER LOG (error): [04:55:55.532] [ERROR] [TestRunner/test_spoiler_full_run]   - [4:55:54 AM]         Helper function "has_requirements_for_level_star" NOT FOUND in snapshotInterface
BROWSER LOG (error): [04:55:55.532] [ERROR] [TestRunner/test_spoiler_full_run]   - [4:55:54 AM]     ISSUE: Access rule evaluation failed
BROWSER LOG (error): [04:55:55.533] [ERROR] [TestRunner/test_spoiler_full_run]   - [4:55:54 AM] Test failed at step 1: Comparison failed for event type 'state_update'.
BROWSER LOG (error): [04:55:55.533] [ERROR] [TestRunner/test_spoiler_full_run]   - [4:55:54 AM] Mismatch for event 1 (Sphere 0): Comparison for state_update at step 1 Failed
BROWSER LOG (error): [04:55:55.533] [ERROR] [TestRunner/test_spoiler_full_run]   - [4:55:54 AM] Spoiler test completed with 1 mismatch(es). See logs above for details.
PW DEBUG: __playwrightTestsComplete__ flag detected as true.
PW DEBUG: __playwrightTestResults__ retrieved from window object.
PW DEBUG: Full in-app test results: {
  "summary": {
    "totalRun": 1,
    "passedCount": 0,
    "failedCount": 1
  },
  "testDetails": [
    {
      "id": "test_spoiler_full_run",
      "name": "Test Spoilers Panel - Full Run",
      "status": "failed",
      "category": "Test Spoilers Panel",
      "startTime": "2025-11-13T04:55:52.913Z",
      "endTime": "2025-11-13T04:55:55.536Z",
      "durationMs": 2623,
      "conditions": [
        {
          "description": "Test started",
          "status": "passed",
          "timestamp": "2025-11-13T04:55:52.914Z"
        },
        {
          "description": "Test Spoilers panel found in DOM",
          "status": "passed",
          "timestamp": "2025-11-13T04:55:53.417Z"
        },
        {
          "description": "\"Load Suggested Log\" button found and enabled",
          "status": "passed",
          "timestamp": "2025-11-13T04:55:53.669Z"
        },
        {
          "description": "\"Run Full Test\" button appeared",
          "status": "passed",
          "timestamp": "2025-11-13T04:55:54.424Z"
        },
        {
          "description": "Full spoiler test completed",
          "status": "passed",
          "timestamp": "2025-11-13T04:55:55.528Z"
        },
        {
          "description": "Spoiler test passed all checks",
          "status": "failed",
          "timestamp": "2025-11-13T04:55:55.529Z"
        }
      ],
      "logs": [
        {
          "message": "[spoilers-full-run-1763009752914] Starting testSpoilersPanelFullRun...",
          "type": "info",
          "timestamp": "2025-11-13T04:55:52.914Z"
        },
        {
          "message": "Condition: \"Test started\" - PASSED",
          "type": "info",
          "timestamp": "2025-11-13T04:55:52.914Z"
        },
        {
          "message": "[spoilers-full-run-1763009752914] Activating testSpoilersPanel panel...",
          "type": "info",
          "timestamp": "2025-11-13T04:55:52.914Z"
        },
        {
          "message": "[test_spoiler_full_run] Polling for condition: \"Test Spoilers panel initialization\" (timeout: 10000ms, interval: 250ms)...",
          "type": "info",
          "timestamp": "2025-11-13T04:55:52.915Z"
        },
        {
          "message": "[test_spoiler_full_run] Condition met for: \"Test Spoilers panel initialization\".",
          "type": "info",
          "timestamp": "2025-11-13T04:55:53.166Z"
        },
        {
          "message": "[test_spoiler_full_run] Polling for condition: \"Test Spoilers panel DOM element\" (timeout: 5000ms, interval: 250ms)...",
          "type": "info",
          "timestamp": "2025-11-13T04:55:53.166Z"
        },
        {
          "message": "[test_spoiler_full_run] Condition met for: \"Test Spoilers panel DOM element\".",
          "type": "info",
          "timestamp": "2025-11-13T04:55:53.417Z"
        },
        {
          "message": "Condition: \"Test Spoilers panel found in DOM\" - PASSED",
          "type": "info",
          "timestamp": "2025-11-13T04:55:53.417Z"
        },
        {
          "message": "[test_spoiler_full_run] Polling for condition: \"\"Load Suggested Log\" button to be available\" (timeout: 10000ms, interval: 250ms)...",
          "type": "info",
          "timestamp": "2025-11-13T04:55:53.417Z"
        },
        {
          "message": "[test_spoiler_full_run] Condition met for: \"\"Load Suggested Log\" button to be available\".",
          "type": "info",
          "timestamp": "2025-11-13T04:55:53.669Z"
        },
        {
          "message": "Condition: \"\"Load Suggested Log\" button found and enabled\" - PASSED",
          "type": "info",
          "timestamp": "2025-11-13T04:55:53.669Z"
        },
        {
          "message": "[spoilers-full-run-1763009752914] Clicking \"Load Suggested Log\" button...",
          "type": "info",
          "timestamp": "2025-11-13T04:55:53.669Z"
        },
        {
          "message": "[test_spoiler_full_run] Polling for condition: \"Spoiler log loading completion\" (timeout: 15000ms, interval: 500ms)...",
          "type": "info",
          "timestamp": "2025-11-13T04:55:53.671Z"
        },
        {
          "message": "[test_spoiler_full_run] Condition met for: \"Spoiler log loading completion\".",
          "type": "info",
          "timestamp": "2025-11-13T04:55:54.172Z"
        },
        {
          "message": "[test_spoiler_full_run] Polling for condition: \"\"Run Full Test\" button to appear\" (timeout: 10000ms, interval: 250ms)...",
          "type": "info",
          "timestamp": "2025-11-13T04:55:54.173Z"
        },
        {
          "message": "[test_spoiler_full_run] Condition met for: \"\"Run Full Test\" button to appear\".",
          "type": "info",
          "timestamp": "2025-11-13T04:55:54.424Z"
        },
        {
          "message": "Condition: \"\"Run Full Test\" button appeared\" - PASSED",
          "type": "info",
          "timestamp": "2025-11-13T04:55:54.424Z"
        },
        {
          "message": "[spoilers-full-run-1763009752914] Clicking \"Run Full Test\" button...",
          "type": "info",
          "timestamp": "2025-11-13T04:55:54.424Z"
        },
        {
          "message": "[test_spoiler_full_run] Polling for condition: \"Full spoiler test to start processing\" (timeout: 5000ms, interval: 100ms)...",
          "type": "info",
          "timestamp": "2025-11-13T04:55:54.426Z"
        },
        {
          "message": "[test_spoiler_full_run] Condition met for: \"Full spoiler test to start processing\".",
          "type": "info",
          "timestamp": "2025-11-13T04:55:54.527Z"
        },
        {
          "message": "[spoilers-full-run-1763009752914] Waiting for full spoiler test to complete...",
          "type": "info",
          "timestamp": "2025-11-13T04:55:54.527Z"
        },
        {
          "message": "[test_spoiler_full_run] Polling for condition: \"Full spoiler test completion with detailed results\" (timeout: 300000ms, interval: 1000ms)...",
          "type": "info",
          "timestamp": "2025-11-13T04:55:54.527Z"
        },
        {
          "message": "[spoilers-full-run-1763009752914] Polling: buttonReady=true, hasDetailedResults=true, processedEvents=0/201",
          "type": "info",
          "timestamp": "2025-11-13T04:55:55.528Z"
        },
        {
          "message": "[spoilers-full-run-1763009752914] DEBUG detailedResults: {\"passed\":false,\"totalEvents\":201,\"processedEvents\":0,\"errorCount\":1,\"sphereCount\":1,\"testLogPath\":\"presets/overcooked2/AP_14089154938208861744/AP_14089154938208861744_spheres_log.jsonl\"}",
          "type": "info",
          "timestamp": "2025-11-13T04:55:55.528Z"
        },
        {
          "message": "[test_spoiler_full_run] Condition met for: \"Full spoiler test completion with detailed results\".",
          "type": "info",
          "timestamp": "2025-11-13T04:55:55.528Z"
        },
        {
          "message": "Condition: \"Full spoiler test completed\" - PASSED",
          "type": "info",
          "timestamp": "2025-11-13T04:55:55.528Z"
        },
        {
          "message": "Condition: \"Spoiler test passed all checks\" - FAILED",
          "type": "info",
          "timestamp": "2025-11-13T04:55:55.529Z"
        },
        {
          "message": "[spoilers-full-run-1763009752914] Spoiler test failed. Mismatches found in log:",
          "type": "error",
          "timestamp": "2025-11-13T04:55:55.529Z"
        },
        {
          "message": "  - Mismatch for event 1 (Sphere 0): Comparison for state_update at step 1 Failed",
          "type": "error",
          "timestamp": "2025-11-13T04:55:55.529Z"
        },
        {
          "message": "  - [4:55:54 AM] STATE MISMATCH found for: {\"type\":\"state_update\",\"sphere_number\":0,\"player_id\":\"1\"}",
          "type": "error",
          "timestamp": "2025-11-13T04:55:55.530Z"
        },
        {
          "message": "  - [4:55:54 AM] > Locations accessible in LOG but NOT in STATE (or checked): 1-1 (1-Star), 1-1 Completed, 1-1 Level Completed, 2-1 (1-Star), 2-1 Completed, 2-1 Level Completed, 4-1 (1-Star), 4-1 Completed, 4-1 Level Completed",
          "type": "error",
          "timestamp": "2025-11-13T04:55:55.530Z"
        },
        {
          "message": "  - [4:55:54 AM]         Helper function \"has_requirements_for_level_star\" NOT FOUND in snapshotInterface",
          "type": "error",
          "timestamp": "2025-11-13T04:55:55.530Z"
        },
        {
          "message": "  - [4:55:54 AM]     ISSUE: Access rule evaluation failed",
          "type": "error",
          "timestamp": "2025-11-13T04:55:55.530Z"
        },
        {
          "message": "  - [4:55:54 AM]         Helper function \"has_requirements_for_level_star\" NOT FOUND in snapshotInterface",
          "type": "error",
          "timestamp": "2025-11-13T04:55:55.530Z"
        },
        {
          "message": "  - [4:55:54 AM]     ISSUE: Access rule evaluation failed",
          "type": "error",
          "timestamp": "2025-11-13T04:55:55.530Z"
        },
        {
          "message": "  - [4:55:54 AM]         Helper function \"has_requirements_for_level_star\" NOT FOUND in snapshotInterface",
          "type": "error",
          "timestamp": "2025-11-13T04:55:55.530Z"
        },
        {
          "message": "  - [4:55:54 AM]     ISSUE: Access rule evaluation failed",
          "type": "error",
          "timestamp": "2025-11-13T04:55:55.531Z"
        },
        {
          "message": "  - [4:55:54 AM]         Helper function \"has_requirements_for_level_star\" NOT FOUND in snapshotInterface",
          "type": "error",
          "timestamp": "2025-11-13T04:55:55.531Z"
        },
        {
          "message": "  - [4:55:54 AM]     ISSUE: Access rule evaluation failed",
          "type": "error",
          "timestamp": "2025-11-13T04:55:55.531Z"
        },
        {
          "message": "  - [4:55:54 AM]         Helper function \"has_requirements_for_level_star\" NOT FOUND in snapshotInterface",
          "type": "error",
          "timestamp": "2025-11-13T04:55:55.531Z"
        },
        {
          "message": "  - [4:55:54 AM]     ISSUE: Access rule evaluation failed",
          "type": "error",
          "timestamp": "2025-11-13T04:55:55.531Z"
        },
        {
          "message": "  - [4:55:54 AM]         Helper function \"has_requirements_for_level_star\" NOT FOUND in snapshotInterface",
          "type": "error",
          "timestamp": "2025-11-13T04:55:55.531Z"
        },
        {
          "message": "  - [4:55:54 AM]     ISSUE: Access rule evaluation failed",
          "type": "error",
          "timestamp": "2025-11-13T04:55:55.531Z"
        },
        {
          "message": "  - [4:55:54 AM]         Helper function \"has_requirements_for_level_star\" NOT FOUND in snapshotInterface",
          "type": "error",
          "timestamp": "2025-11-13T04:55:55.532Z"
        },
        {
          "message": "  - [4:55:54 AM]     ISSUE: Access rule evaluation failed",
          "type": "error",
          "timestamp": "2025-11-13T04:55:55.532Z"
        },
        {
          "message": "  - [4:55:54 AM]         Helper function \"has_requirements_for_level_star\" NOT FOUND in snapshotInterface",
          "type": "error",
          "timestamp": "2025-11-13T04:55:55.532Z"
        },
        {
          "message": "  - [4:55:54 AM]     ISSUE: Access rule evaluation failed",
          "type": "error",
          "timestamp": "2025-11-13T04:55:55.532Z"
        },
        {
          "message": "  - [4:55:54 AM]         Helper function \"has_requirements_for_level_star\" NOT FOUND in snapshotInterface",
          "type": "error",
          "timestamp": "2025-11-13T04:55:55.532Z"
        },
        {
          "message": "  - [4:55:54 AM]     ISSUE: Access rule evaluation failed",
          "type": "error",
          "timestamp": "2025-11-13T04:55:55.532Z"
        },
        {
          "message": "  - [4:55:54 AM] Test failed at step 1: Comparison failed for event type 'state_update'.",
          "type": "error",
          "timestamp": "2025-11-13T04:55:55.533Z"
        },
        {
          "message": "  - [4:55:54 AM] Mismatch for event 1 (Sphere 0): Comparison for state_update at step 1 Failed",
          "type": "error",
          "timestamp": "2025-11-13T04:55:55.533Z"
        },
        {
          "message": "  - [4:55:54 AM] Spoiler test completed with 1 mismatch(es). See logs above for details.",
          "type": "error",
          "timestamp": "2025-11-13T04:55:55.533Z"
        },
        {
          "message": "[spoilers-full-run-1763009752914] Spoiler test results stored in window.__spoilerTestResults__",
          "type": "info",
          "timestamp": "2025-11-13T04:55:55.533Z"
        },
        {
          "message": "[spoilers-full-run-1763009752914] Spoiler test results stored in localStorage",
          "type": "info",
          "timestamp": "2025-11-13T04:55:55.534Z"
        },
        {
          "message": "[spoilers-full-run-1763009752914] testSpoilersPanelFullRun finished. Overall Result: false.",
          "type": "info",
          "timestamp": "2025-11-13T04:55:55.534Z"
        },
        {
          "message": "Test completion signal: FAILED",
          "type": "info",
          "timestamp": "2025-11-13T04:55:55.535Z"
        },
        {
          "message": "No active event listeners to clean up",
          "type": "debug",
          "timestamp": "2025-11-13T04:55:55.535Z"
        },
        {
          "message": "No active event listeners to clean up",
          "type": "debug",
          "timestamp": "2025-11-13T04:55:55.536Z"
        },
        {
          "message": "No active event listeners to clean up",
          "type": "debug",
          "timestamp": "2025-11-13T04:55:55.536Z"
        }
      ]
    }
  ],
  "completedAt": "2025-11-13T04:55:55.637Z"
}
PW DEBUG: Test results saved to: /home/user/Archipelago-CC/test-results/in-app-tests/test-results-2025-11-13T04-55-55.json
  âœ˜  1 tests/e2e/app.spec.js:35:3 â€º Application End-to-End Tests â€º run in-app tests and check results (4.0s)


  1) tests/e2e/app.spec.js:35:3 â€º Application End-to-End Tests â€º run in-app tests and check results 

    Error: [2mexpect([22m[31mreceived[39m[2m).[22mtoBe[2m([22m[32mexpected[39m[2m) // Object.is equality[22m

    Expected: [32m0[39m
    Received: [31m1[39m

      141 |
      142 |     // The test system should complete successfully regardless of whether tests run
    > 143 |     expect(results.summary.failedCount).toBe(0);
          |                                         ^
      144 |     
      145 |     // If tests actually ran, they should pass
      146 |     if (results.summary.totalRun > 0) {
        at /home/user/Archipelago-CC/tests/e2e/app.spec.js:143:41

    Error Context: test-results/app-Application-End-to-End-a086e-app-tests-and-check-results/error-context.md

  1 failed
    tests/e2e/app.spec.js:35:3 â€º Application End-to-End Tests â€º run in-app tests and check results â”€
